2019-08-02 10:15:35.789 [main] INFO  o.ethan.eRpc.comsumerdemo.ComsumerDemoApplication - Starting ComsumerDemoApplication on WIN-T1VJ0PHFT0F with PID 17712 (F:\mygit\eRpc\consumer-demo\target\classes started by Admin in F:\mygit\eRpc\consumer-demo)
2019-08-02 10:15:35.792 [main] INFO  o.ethan.eRpc.comsumerdemo.ComsumerDemoApplication - No active profile set, falling back to default profiles: default
2019-08-02 10:18:03.269 [main] INFO  o.ethan.eRpc.comsumerdemo.ComsumerDemoApplication - Starting ComsumerDemoApplication on WIN-T1VJ0PHFT0F with PID 20624 (F:\mygit\eRpc\consumer-demo\target\classes started by Admin in F:\mygit\eRpc\consumer-demo)
2019-08-02 10:18:03.271 [main] INFO  o.ethan.eRpc.comsumerdemo.ComsumerDemoApplication - No active profile set, falling back to default profiles: default
2019-08-02 10:18:04.256 [main] INFO  o.s.boot.web.embedded.tomcat.TomcatWebServer - Tomcat initialized with port(s): 8080 (http)
2019-08-02 10:18:04.265 [main] INFO  org.apache.coyote.http11.Http11NioProtocol - Initializing ProtocolHandler ["http-nio-8080"]
2019-08-02 10:18:04.272 [main] INFO  org.apache.catalina.core.StandardService - Starting service [Tomcat]
2019-08-02 10:18:04.273 [main] INFO  org.apache.catalina.core.StandardEngine - Starting Servlet engine: [Apache Tomcat/9.0.21]
2019-08-02 10:18:04.343 [main] INFO  o.a.c.core.ContainerBase.[Tomcat].[localhost].[/] - Initializing Spring embedded WebApplicationContext
2019-08-02 10:18:04.343 [main] INFO  org.springframework.web.context.ContextLoader - Root WebApplicationContext: initialization completed in 1048 ms
2019-08-02 10:18:04.387 [main] INFO  org.apache.catalina.core.StandardService - Stopping service [Tomcat]
2019-08-02 10:18:04.393 [main] INFO  o.s.b.a.l.ConditionEvaluationReportLoggingListener - 

Error starting ApplicationContext. To display the conditions report re-run your application with 'debug' enabled.
2019-08-02 10:20:30.778 [main] INFO  o.ethan.eRpc.comsumerdemo.ComsumerDemoApplication - Starting ComsumerDemoApplication on WIN-T1VJ0PHFT0F with PID 6660 (F:\mygit\eRpc\consumer-demo\target\classes started by Admin in F:\mygit\eRpc\consumer-demo)
2019-08-02 10:20:30.780 [main] INFO  o.ethan.eRpc.comsumerdemo.ComsumerDemoApplication - No active profile set, falling back to default profiles: default
2019-08-02 10:20:31.803 [main] INFO  o.s.boot.web.embedded.tomcat.TomcatWebServer - Tomcat initialized with port(s): 8080 (http)
2019-08-02 10:20:31.813 [main] INFO  org.apache.coyote.http11.Http11NioProtocol - Initializing ProtocolHandler ["http-nio-8080"]
2019-08-02 10:20:31.820 [main] INFO  org.apache.catalina.core.StandardService - Starting service [Tomcat]
2019-08-02 10:20:31.820 [main] INFO  org.apache.catalina.core.StandardEngine - Starting Servlet engine: [Apache Tomcat/9.0.21]
2019-08-02 10:20:31.893 [main] INFO  o.a.c.core.ContainerBase.[Tomcat].[localhost].[/] - Initializing Spring embedded WebApplicationContext
2019-08-02 10:20:31.893 [main] INFO  org.springframework.web.context.ContextLoader - Root WebApplicationContext: initialization completed in 1088 ms
2019-08-02 10:20:31.948 [main] INFO  org.apache.catalina.core.StandardService - Stopping service [Tomcat]
2019-08-02 10:20:31.954 [main] INFO  o.s.b.a.l.ConditionEvaluationReportLoggingListener - 

Error starting ApplicationContext. To display the conditions report re-run your application with 'debug' enabled.
2019-08-02 10:22:04.902 [main] INFO  o.ethan.eRpc.comsumerdemo.ComsumerDemoApplication - Starting ComsumerDemoApplication on WIN-T1VJ0PHFT0F with PID 6836 (F:\mygit\eRpc\consumer-demo\target\classes started by Admin in F:\mygit\eRpc\consumer-demo)
2019-08-02 10:22:04.903 [main] INFO  o.ethan.eRpc.comsumerdemo.ComsumerDemoApplication - No active profile set, falling back to default profiles: default
2019-08-02 10:22:05.871 [main] INFO  o.s.boot.web.embedded.tomcat.TomcatWebServer - Tomcat initialized with port(s): 8080 (http)
2019-08-02 10:22:05.881 [main] INFO  org.apache.coyote.http11.Http11NioProtocol - Initializing ProtocolHandler ["http-nio-8080"]
2019-08-02 10:22:05.888 [main] INFO  org.apache.catalina.core.StandardService - Starting service [Tomcat]
2019-08-02 10:22:05.889 [main] INFO  org.apache.catalina.core.StandardEngine - Starting Servlet engine: [Apache Tomcat/9.0.21]
2019-08-02 10:22:05.959 [main] INFO  o.a.c.core.ContainerBase.[Tomcat].[localhost].[/] - Initializing Spring embedded WebApplicationContext
2019-08-02 10:22:05.959 [main] INFO  org.springframework.web.context.ContextLoader - Root WebApplicationContext: initialization completed in 1033 ms
2019-08-02 10:22:06.009 [main] INFO  org.apache.catalina.core.StandardService - Stopping service [Tomcat]
2019-08-02 10:22:06.016 [main] INFO  o.s.b.a.l.ConditionEvaluationReportLoggingListener - 

Error starting ApplicationContext. To display the conditions report re-run your application with 'debug' enabled.
2019-08-02 10:25:43.039 [main] INFO  o.ethan.eRpc.comsumerdemo.ComsumerDemoApplication - Starting ComsumerDemoApplication on WIN-T1VJ0PHFT0F with PID 5948 (F:\mygit\eRpc\consumer-demo\target\classes started by Admin in F:\mygit\eRpc\consumer-demo)
2019-08-02 10:25:43.041 [main] INFO  o.ethan.eRpc.comsumerdemo.ComsumerDemoApplication - No active profile set, falling back to default profiles: default
2019-08-02 10:25:44.019 [main] INFO  o.s.boot.web.embedded.tomcat.TomcatWebServer - Tomcat initialized with port(s): 8080 (http)
2019-08-02 10:25:44.028 [main] INFO  org.apache.coyote.http11.Http11NioProtocol - Initializing ProtocolHandler ["http-nio-8080"]
2019-08-02 10:25:44.036 [main] INFO  org.apache.catalina.core.StandardService - Starting service [Tomcat]
2019-08-02 10:25:44.036 [main] INFO  org.apache.catalina.core.StandardEngine - Starting Servlet engine: [Apache Tomcat/9.0.21]
2019-08-02 10:25:44.108 [main] INFO  o.a.c.core.ContainerBase.[Tomcat].[localhost].[/] - Initializing Spring embedded WebApplicationContext
2019-08-02 10:25:44.108 [main] INFO  org.springframework.web.context.ContextLoader - Root WebApplicationContext: initialization completed in 1043 ms
2019-08-02 10:28:35.464 [main] INFO  o.ethan.eRpc.comsumerdemo.ComsumerDemoApplication - Starting ComsumerDemoApplication on WIN-T1VJ0PHFT0F with PID 8820 (F:\mygit\eRpc\consumer-demo\target\classes started by Admin in F:\mygit\eRpc\consumer-demo)
2019-08-02 10:28:35.466 [main] INFO  o.ethan.eRpc.comsumerdemo.ComsumerDemoApplication - No active profile set, falling back to default profiles: default
2019-08-02 10:28:36.477 [main] INFO  o.s.boot.web.embedded.tomcat.TomcatWebServer - Tomcat initialized with port(s): 8080 (http)
2019-08-02 10:28:36.488 [main] INFO  org.apache.coyote.http11.Http11NioProtocol - Initializing ProtocolHandler ["http-nio-8080"]
2019-08-02 10:28:36.496 [main] INFO  org.apache.catalina.core.StandardService - Starting service [Tomcat]
2019-08-02 10:28:36.496 [main] INFO  org.apache.catalina.core.StandardEngine - Starting Servlet engine: [Apache Tomcat/9.0.21]
2019-08-02 10:28:36.570 [main] INFO  o.a.c.core.ContainerBase.[Tomcat].[localhost].[/] - Initializing Spring embedded WebApplicationContext
2019-08-02 10:28:36.570 [main] INFO  org.springframework.web.context.ContextLoader - Root WebApplicationContext: initialization completed in 1081 ms
2019-08-02 10:29:13.188 [main] INFO  o.ethan.eRpc.providerdemo.ProviderDemoApplication - Starting ProviderDemoApplication on WIN-T1VJ0PHFT0F with PID 20644 (F:\mygit\eRpc\provider-demo\target\classes started by Admin in F:\mygit\eRpc\provider-demo)
2019-08-02 10:29:13.190 [main] INFO  o.ethan.eRpc.providerdemo.ProviderDemoApplication - No active profile set, falling back to default profiles: default
2019-08-02 10:29:14.180 [main] INFO  o.s.boot.web.embedded.tomcat.TomcatWebServer - Tomcat initialized with port(s): 9090 (http)
2019-08-02 10:29:14.190 [main] INFO  org.apache.coyote.http11.Http11NioProtocol - Initializing ProtocolHandler ["http-nio-9090"]
2019-08-02 10:29:14.197 [main] INFO  org.apache.catalina.core.StandardService - Starting service [Tomcat]
2019-08-02 10:29:14.197 [main] INFO  org.apache.catalina.core.StandardEngine - Starting Servlet engine: [Apache Tomcat/9.0.21]
2019-08-02 10:29:14.274 [main] INFO  o.a.c.core.ContainerBase.[Tomcat].[localhost].[/] - Initializing Spring embedded WebApplicationContext
2019-08-02 10:29:14.274 [main] INFO  org.springframework.web.context.ContextLoader - Root WebApplicationContext: initialization completed in 1058 ms
2019-08-02 10:29:14.327 [main] INFO  org.ethan.eRpc.core.exporter.ServiceExporter - Export service [rpcTest1---org.ethan.eRpc.providerdemo.controller.TestController.test1] to local
2019-08-02 10:29:14.327 [main] INFO  org.ethan.eRpc.core.exporter.ServiceExporter - Export service [rpcTest1---org.ethan.eRpc.providerdemo.controller.TestController.test1] to zookeeper
2019-08-02 10:29:14.327 [main] INFO  org.ethan.eRpc.core.exporter.ServiceExporter - Export service [rpcTest2---org.ethan.eRpc.providerdemo.controller.TestController.test1] to local
2019-08-02 10:29:14.327 [main] INFO  org.ethan.eRpc.core.exporter.ServiceExporter - Export service [rpcTest2---org.ethan.eRpc.providerdemo.controller.TestController.test1] to zookeeper
2019-08-02 10:29:19.305 [main] INFO  o.s.scheduling.concurrent.ThreadPoolTaskExecutor - Initializing ExecutorService 'applicationTaskExecutor'
2019-08-02 10:29:19.345 [main] INFO  o.s.scheduling.concurrent.ThreadPoolTaskExecutor - Shutting down ExecutorService 'applicationTaskExecutor'
2019-08-02 10:29:19.346 [main] INFO  o.s.beans.factory.support.DisposableBeanAdapter - Invocation of destroy method failed on bean with name 'ERpcRequestRouter': java.lang.NullPointerException
2019-08-02 10:29:19.348 [main] INFO  org.apache.catalina.core.StandardService - Stopping service [Tomcat]
2019-08-02 10:29:19.355 [main] INFO  o.s.b.a.l.ConditionEvaluationReportLoggingListener - 

Error starting ApplicationContext. To display the conditions report re-run your application with 'debug' enabled.
2019-08-02 10:30:40.132 [main] INFO  o.ethan.eRpc.providerdemo.ProviderDemoApplication - Starting ProviderDemoApplication on WIN-T1VJ0PHFT0F with PID 6776 (F:\mygit\eRpc\provider-demo\target\classes started by Admin in F:\mygit\eRpc\provider-demo)
2019-08-02 10:30:40.134 [main] INFO  o.ethan.eRpc.providerdemo.ProviderDemoApplication - No active profile set, falling back to default profiles: default
2019-08-02 10:30:41.118 [main] INFO  o.s.boot.web.embedded.tomcat.TomcatWebServer - Tomcat initialized with port(s): 9090 (http)
2019-08-02 10:30:41.128 [main] INFO  org.apache.coyote.http11.Http11NioProtocol - Initializing ProtocolHandler ["http-nio-9090"]
2019-08-02 10:30:41.136 [main] INFO  org.apache.catalina.core.StandardService - Starting service [Tomcat]
2019-08-02 10:30:41.136 [main] INFO  org.apache.catalina.core.StandardEngine - Starting Servlet engine: [Apache Tomcat/9.0.21]
2019-08-02 10:30:41.211 [main] INFO  o.a.c.core.ContainerBase.[Tomcat].[localhost].[/] - Initializing Spring embedded WebApplicationContext
2019-08-02 10:30:41.211 [main] INFO  org.springframework.web.context.ContextLoader - Root WebApplicationContext: initialization completed in 1049 ms
2019-08-02 10:30:41.270 [main] INFO  org.ethan.eRpc.core.exporter.ServiceExporter - Export service [rpcTest1---org.ethan.eRpc.providerdemo.controller.TestController.test1] to local
2019-08-02 10:30:41.270 [main] INFO  org.ethan.eRpc.core.exporter.ServiceExporter - Export service [rpcTest1---org.ethan.eRpc.providerdemo.controller.TestController.test1] to zookeeper
2019-08-02 10:30:41.270 [main] INFO  org.ethan.eRpc.core.exporter.ServiceExporter - Export service [rpcTest2---org.ethan.eRpc.providerdemo.controller.TestController.test1] to local
2019-08-02 10:30:41.270 [main] INFO  org.ethan.eRpc.core.exporter.ServiceExporter - Export service [rpcTest2---org.ethan.eRpc.providerdemo.controller.TestController.test1] to zookeeper
2019-08-02 10:30:56.497 [main] INFO  o.ethan.eRpc.comsumerdemo.ComsumerDemoApplication - Starting ComsumerDemoApplication on WIN-T1VJ0PHFT0F with PID 12776 (F:\mygit\eRpc\consumer-demo\target\classes started by Admin in F:\mygit\eRpc\consumer-demo)
2019-08-02 10:30:56.498 [main] INFO  o.ethan.eRpc.comsumerdemo.ComsumerDemoApplication - No active profile set, falling back to default profiles: default
2019-08-02 10:30:57.481 [main] INFO  o.s.boot.web.embedded.tomcat.TomcatWebServer - Tomcat initialized with port(s): 8080 (http)
2019-08-02 10:30:57.492 [main] INFO  org.apache.coyote.http11.Http11NioProtocol - Initializing ProtocolHandler ["http-nio-8080"]
2019-08-02 10:30:57.498 [main] INFO  org.apache.catalina.core.StandardService - Starting service [Tomcat]
2019-08-02 10:30:57.499 [main] INFO  org.apache.catalina.core.StandardEngine - Starting Servlet engine: [Apache Tomcat/9.0.21]
2019-08-02 10:30:57.569 [main] INFO  o.a.c.core.ContainerBase.[Tomcat].[localhost].[/] - Initializing Spring embedded WebApplicationContext
2019-08-02 10:30:57.569 [main] INFO  org.springframework.web.context.ContextLoader - Root WebApplicationContext: initialization completed in 1046 ms
2019-08-02 10:31:02.623 [main] INFO  o.s.scheduling.concurrent.ThreadPoolTaskExecutor - Initializing ExecutorService 'applicationTaskExecutor'
2019-08-02 10:31:02.727 [main] INFO  org.apache.coyote.http11.Http11NioProtocol - Starting ProtocolHandler ["http-nio-8080"]
2019-08-02 10:31:02.737 [main] INFO  o.s.boot.web.embedded.tomcat.TomcatWebServer - Tomcat started on port(s): 8080 (http) with context path ''
2019-08-02 10:31:02.739 [main] INFO  o.ethan.eRpc.comsumerdemo.ComsumerDemoApplication - Started ComsumerDemoApplication in 6.519 seconds (JVM running for 6.777)
2019-08-02 10:31:07.695 [http-nio-8080-exec-1] INFO  o.a.c.core.ContainerBase.[Tomcat].[localhost].[/] - Initializing Spring DispatcherServlet 'dispatcherServlet'
2019-08-02 10:31:07.695 [http-nio-8080-exec-1] INFO  org.springframework.web.servlet.DispatcherServlet - Initializing Servlet 'dispatcherServlet'
2019-08-02 10:31:07.699 [http-nio-8080-exec-1] INFO  org.springframework.web.servlet.DispatcherServlet - Completed initialization in 3 ms
2019-08-02 10:31:39.105 [main] INFO  o.ethan.eRpc.comsumerdemo.ComsumerDemoApplication - Starting ComsumerDemoApplication on WIN-T1VJ0PHFT0F with PID 21048 (F:\mygit\eRpc\consumer-demo\target\classes started by Admin in F:\mygit\eRpc\consumer-demo)
2019-08-02 10:31:39.108 [main] INFO  o.ethan.eRpc.comsumerdemo.ComsumerDemoApplication - No active profile set, falling back to default profiles: default
2019-08-02 10:31:40.353 [main] INFO  o.s.boot.web.embedded.tomcat.TomcatWebServer - Tomcat initialized with port(s): 8080 (http)
2019-08-02 10:31:40.367 [main] INFO  org.apache.coyote.http11.Http11NioProtocol - Initializing ProtocolHandler ["http-nio-8080"]
2019-08-02 10:31:40.375 [main] INFO  org.apache.catalina.core.StandardService - Starting service [Tomcat]
2019-08-02 10:31:40.375 [main] INFO  org.apache.catalina.core.StandardEngine - Starting Servlet engine: [Apache Tomcat/9.0.21]
2019-08-02 10:31:40.468 [main] INFO  o.a.c.core.ContainerBase.[Tomcat].[localhost].[/] - Initializing Spring embedded WebApplicationContext
2019-08-02 10:31:40.469 [main] INFO  org.springframework.web.context.ContextLoader - Root WebApplicationContext: initialization completed in 1325 ms
2019-08-02 10:31:45.644 [main] INFO  o.s.scheduling.concurrent.ThreadPoolTaskExecutor - Initializing ExecutorService 'applicationTaskExecutor'
2019-08-02 10:31:45.793 [main] INFO  org.apache.coyote.http11.Http11NioProtocol - Starting ProtocolHandler ["http-nio-8080"]
2019-08-02 10:31:45.811 [main] INFO  o.s.boot.web.embedded.tomcat.TomcatWebServer - Tomcat started on port(s): 8080 (http) with context path ''
2019-08-02 10:31:45.814 [main] INFO  o.ethan.eRpc.comsumerdemo.ComsumerDemoApplication - Started ComsumerDemoApplication in 7.104 seconds (JVM running for 7.555)
2019-08-02 10:31:49.220 [http-nio-8080-exec-1] INFO  o.a.c.core.ContainerBase.[Tomcat].[localhost].[/] - Initializing Spring DispatcherServlet 'dispatcherServlet'
2019-08-02 10:31:49.220 [http-nio-8080-exec-1] INFO  org.springframework.web.servlet.DispatcherServlet - Initializing Servlet 'dispatcherServlet'
2019-08-02 10:31:49.225 [http-nio-8080-exec-1] INFO  org.springframework.web.servlet.DispatcherServlet - Completed initialization in 5 ms
2019-08-02 10:33:36.412 [main] INFO  o.ethan.eRpc.comsumerdemo.ComsumerDemoApplication - Starting ComsumerDemoApplication on WIN-T1VJ0PHFT0F with PID 18136 (F:\mygit\eRpc\consumer-demo\target\classes started by Admin in F:\mygit\eRpc\consumer-demo)
2019-08-02 10:33:36.414 [main] INFO  o.ethan.eRpc.comsumerdemo.ComsumerDemoApplication - No active profile set, falling back to default profiles: default
2019-08-02 10:33:37.461 [main] INFO  o.s.boot.web.embedded.tomcat.TomcatWebServer - Tomcat initialized with port(s): 8080 (http)
2019-08-02 10:33:37.472 [main] INFO  org.apache.coyote.http11.Http11NioProtocol - Initializing ProtocolHandler ["http-nio-8080"]
2019-08-02 10:33:37.479 [main] INFO  org.apache.catalina.core.StandardService - Starting service [Tomcat]
2019-08-02 10:33:37.479 [main] INFO  org.apache.catalina.core.StandardEngine - Starting Servlet engine: [Apache Tomcat/9.0.21]
2019-08-02 10:33:37.555 [main] INFO  o.a.c.core.ContainerBase.[Tomcat].[localhost].[/] - Initializing Spring embedded WebApplicationContext
2019-08-02 10:33:37.555 [main] INFO  org.springframework.web.context.ContextLoader - Root WebApplicationContext: initialization completed in 1115 ms
2019-08-02 10:33:48.462 [main] INFO  o.ethan.eRpc.providerdemo.ProviderDemoApplication - Starting ProviderDemoApplication on WIN-T1VJ0PHFT0F with PID 8248 (F:\mygit\eRpc\provider-demo\target\classes started by Admin in F:\mygit\eRpc\provider-demo)
2019-08-02 10:33:48.466 [main] INFO  o.ethan.eRpc.providerdemo.ProviderDemoApplication - No active profile set, falling back to default profiles: default
2019-08-02 10:33:49.788 [main] INFO  o.s.boot.web.embedded.tomcat.TomcatWebServer - Tomcat initialized with port(s): 9090 (http)
2019-08-02 10:33:49.804 [main] INFO  org.apache.coyote.http11.Http11NioProtocol - Initializing ProtocolHandler ["http-nio-9090"]
2019-08-02 10:33:49.812 [main] INFO  org.apache.catalina.core.StandardService - Starting service [Tomcat]
2019-08-02 10:33:49.812 [main] INFO  org.apache.catalina.core.StandardEngine - Starting Servlet engine: [Apache Tomcat/9.0.21]
2019-08-02 10:33:49.907 [main] INFO  o.a.c.core.ContainerBase.[Tomcat].[localhost].[/] - Initializing Spring embedded WebApplicationContext
2019-08-02 10:33:49.908 [main] INFO  org.springframework.web.context.ContextLoader - Root WebApplicationContext: initialization completed in 1401 ms
2019-08-02 10:34:15.779 [main] INFO  o.ethan.eRpc.providerdemo.ProviderDemoApplication - Starting ProviderDemoApplication on WIN-T1VJ0PHFT0F with PID 15512 (F:\mygit\eRpc\provider-demo\target\classes started by Admin in F:\mygit\eRpc\provider-demo)
2019-08-02 10:34:15.782 [main] INFO  o.ethan.eRpc.providerdemo.ProviderDemoApplication - No active profile set, falling back to default profiles: default
2019-08-02 10:34:17.029 [main] INFO  o.s.boot.web.embedded.tomcat.TomcatWebServer - Tomcat initialized with port(s): 9090 (http)
2019-08-02 10:34:17.047 [main] INFO  org.apache.coyote.http11.Http11NioProtocol - Initializing ProtocolHandler ["http-nio-9090"]
2019-08-02 10:34:17.055 [main] INFO  org.apache.catalina.core.StandardService - Starting service [Tomcat]
2019-08-02 10:34:17.055 [main] INFO  org.apache.catalina.core.StandardEngine - Starting Servlet engine: [Apache Tomcat/9.0.21]
2019-08-02 10:34:17.157 [main] INFO  o.a.c.core.ContainerBase.[Tomcat].[localhost].[/] - Initializing Spring embedded WebApplicationContext
2019-08-02 10:34:17.158 [main] INFO  org.springframework.web.context.ContextLoader - Root WebApplicationContext: initialization completed in 1336 ms
2019-08-02 10:34:37.081 [main] INFO  org.ethan.eRpc.core.exporter.ServiceExporter - Export service [rpcTest1---org.ethan.eRpc.providerdemo.controller.TestController.test1] to local
2019-08-02 10:34:37.081 [main] INFO  org.ethan.eRpc.core.exporter.ServiceExporter - Export service [rpcTest1---org.ethan.eRpc.providerdemo.controller.TestController.test1] to zookeeper
2019-08-02 10:34:37.627 [main] INFO  org.ethan.eRpc.core.exporter.ServiceExporter - Export service [rpcTest2---org.ethan.eRpc.providerdemo.controller.TestController.test1] to local
2019-08-02 10:34:37.628 [main] INFO  org.ethan.eRpc.core.exporter.ServiceExporter - Export service [rpcTest2---org.ethan.eRpc.providerdemo.controller.TestController.test1] to zookeeper
2019-08-02 10:34:44.677 [main] INFO  o.s.scheduling.concurrent.ThreadPoolTaskExecutor - Initializing ExecutorService 'applicationTaskExecutor'
2019-08-02 10:34:44.748 [main] INFO  o.s.scheduling.concurrent.ThreadPoolTaskExecutor - Shutting down ExecutorService 'applicationTaskExecutor'
2019-08-02 10:34:44.749 [main] INFO  o.s.beans.factory.support.DisposableBeanAdapter - Invocation of destroy method failed on bean with name 'ERpcRequestRouter': java.lang.NullPointerException
2019-08-02 10:34:44.751 [main] INFO  org.apache.catalina.core.StandardService - Stopping service [Tomcat]
2019-08-02 10:34:44.761 [main] INFO  o.s.b.a.l.ConditionEvaluationReportLoggingListener - 

Error starting ApplicationContext. To display the conditions report re-run your application with 'debug' enabled.
2019-08-02 10:35:20.828 [main] INFO  o.ethan.eRpc.providerdemo.ProviderDemoApplication - Starting ProviderDemoApplication on WIN-T1VJ0PHFT0F with PID 18800 (F:\mygit\eRpc\provider-demo\target\classes started by Admin in F:\mygit\eRpc\provider-demo)
2019-08-02 10:35:20.832 [main] INFO  o.ethan.eRpc.providerdemo.ProviderDemoApplication - No active profile set, falling back to default profiles: default
2019-08-02 10:35:22.077 [main] INFO  o.s.boot.web.embedded.tomcat.TomcatWebServer - Tomcat initialized with port(s): 9090 (http)
2019-08-02 10:35:22.093 [main] INFO  org.apache.coyote.http11.Http11NioProtocol - Initializing ProtocolHandler ["http-nio-9090"]
2019-08-02 10:35:22.101 [main] INFO  org.apache.catalina.core.StandardService - Starting service [Tomcat]
2019-08-02 10:35:22.102 [main] INFO  org.apache.catalina.core.StandardEngine - Starting Servlet engine: [Apache Tomcat/9.0.21]
2019-08-02 10:35:22.197 [main] INFO  o.a.c.core.ContainerBase.[Tomcat].[localhost].[/] - Initializing Spring embedded WebApplicationContext
2019-08-02 10:35:22.197 [main] INFO  org.springframework.web.context.ContextLoader - Root WebApplicationContext: initialization completed in 1326 ms
2019-08-02 10:35:22.267 [main] INFO  org.ethan.eRpc.core.exporter.ServiceExporter - Export service [rpcTest1---org.ethan.eRpc.providerdemo.controller.TestController.test1] to local
2019-08-02 10:35:22.267 [main] INFO  org.ethan.eRpc.core.exporter.ServiceExporter - Export service [rpcTest1---org.ethan.eRpc.providerdemo.controller.TestController.test1] to zookeeper
2019-08-02 10:35:22.267 [main] INFO  org.ethan.eRpc.core.exporter.ServiceExporter - Export service [rpcTest2---org.ethan.eRpc.providerdemo.controller.TestController.test1] to local
2019-08-02 10:35:22.267 [main] INFO  org.ethan.eRpc.core.exporter.ServiceExporter - Export service [rpcTest2---org.ethan.eRpc.providerdemo.controller.TestController.test1] to zookeeper
2019-08-02 10:35:38.165 [main] INFO  o.ethan.eRpc.comsumerdemo.ComsumerDemoApplication - Starting ComsumerDemoApplication on WIN-T1VJ0PHFT0F with PID 20488 (F:\mygit\eRpc\consumer-demo\target\classes started by Admin in F:\mygit\eRpc\consumer-demo)
2019-08-02 10:35:38.168 [main] INFO  o.ethan.eRpc.comsumerdemo.ComsumerDemoApplication - No active profile set, falling back to default profiles: default
2019-08-02 10:35:39.454 [main] INFO  o.s.boot.web.embedded.tomcat.TomcatWebServer - Tomcat initialized with port(s): 8080 (http)
2019-08-02 10:35:39.469 [main] INFO  org.apache.coyote.http11.Http11NioProtocol - Initializing ProtocolHandler ["http-nio-8080"]
2019-08-02 10:35:39.477 [main] INFO  org.apache.catalina.core.StandardService - Starting service [Tomcat]
2019-08-02 10:35:39.478 [main] INFO  org.apache.catalina.core.StandardEngine - Starting Servlet engine: [Apache Tomcat/9.0.21]
2019-08-02 10:35:39.575 [main] INFO  o.a.c.core.ContainerBase.[Tomcat].[localhost].[/] - Initializing Spring embedded WebApplicationContext
2019-08-02 10:35:39.575 [main] INFO  org.springframework.web.context.ContextLoader - Root WebApplicationContext: initialization completed in 1371 ms
2019-08-02 10:35:44.822 [main] INFO  o.s.scheduling.concurrent.ThreadPoolTaskExecutor - Initializing ExecutorService 'applicationTaskExecutor'
2019-08-02 10:35:44.968 [main] INFO  org.apache.coyote.http11.Http11NioProtocol - Starting ProtocolHandler ["http-nio-8080"]
2019-08-02 10:35:44.985 [main] INFO  o.s.boot.web.embedded.tomcat.TomcatWebServer - Tomcat started on port(s): 8080 (http) with context path ''
2019-08-02 10:35:44.988 [main] INFO  o.ethan.eRpc.comsumerdemo.ComsumerDemoApplication - Started ComsumerDemoApplication in 7.229 seconds (JVM running for 7.702)
2019-08-02 10:36:05.667 [http-nio-8080-exec-2] INFO  o.a.c.core.ContainerBase.[Tomcat].[localhost].[/] - Initializing Spring DispatcherServlet 'dispatcherServlet'
2019-08-02 10:36:05.667 [http-nio-8080-exec-2] INFO  org.springframework.web.servlet.DispatcherServlet - Initializing Servlet 'dispatcherServlet'
2019-08-02 10:36:05.674 [http-nio-8080-exec-2] INFO  org.springframework.web.servlet.DispatcherServlet - Completed initialization in 7 ms
2019-08-02 10:42:01.036 [main] INFO  o.ethan.eRpc.providerdemo.ProviderDemoApplication - Starting ProviderDemoApplication on WIN-T1VJ0PHFT0F with PID 15392 (F:\mygit\eRpc\provider-demo\target\classes started by Admin in F:\mygit\eRpc\provider-demo)
2019-08-02 10:42:01.039 [main] INFO  o.ethan.eRpc.providerdemo.ProviderDemoApplication - No active profile set, falling back to default profiles: default
2019-08-02 10:42:02.292 [main] INFO  o.s.boot.web.embedded.tomcat.TomcatWebServer - Tomcat initialized with port(s): 9090 (http)
2019-08-02 10:42:02.306 [main] INFO  org.apache.coyote.http11.Http11NioProtocol - Initializing ProtocolHandler ["http-nio-9090"]
2019-08-02 10:42:02.315 [main] INFO  org.apache.catalina.core.StandardService - Starting service [Tomcat]
2019-08-02 10:42:02.315 [main] INFO  org.apache.catalina.core.StandardEngine - Starting Servlet engine: [Apache Tomcat/9.0.21]
2019-08-02 10:42:02.409 [main] INFO  o.a.c.core.ContainerBase.[Tomcat].[localhost].[/] - Initializing Spring embedded WebApplicationContext
2019-08-02 10:42:02.409 [main] INFO  org.springframework.web.context.ContextLoader - Root WebApplicationContext: initialization completed in 1330 ms
2019-08-02 10:42:02.483 [main] INFO  org.ethan.eRpc.core.exporter.ServiceExporter - Export service [rpcTest1---org.ethan.eRpc.providerdemo.controller.TestController.test1] to local
2019-08-02 10:42:02.483 [main] INFO  org.ethan.eRpc.core.exporter.ServiceExporter - Export service [rpcTest1---org.ethan.eRpc.providerdemo.controller.TestController.test1] to zookeeper
2019-08-02 10:42:02.483 [main] INFO  org.ethan.eRpc.core.exporter.ServiceExporter - Export service [rpcTest2---org.ethan.eRpc.providerdemo.controller.TestController.test1] to local
2019-08-02 10:42:02.483 [main] INFO  org.ethan.eRpc.core.exporter.ServiceExporter - Export service [rpcTest2---org.ethan.eRpc.providerdemo.controller.TestController.test1] to zookeeper
2019-08-02 10:42:11.218 [main] INFO  o.ethan.eRpc.comsumerdemo.ComsumerDemoApplication - Starting ComsumerDemoApplication on WIN-T1VJ0PHFT0F with PID 15232 (F:\mygit\eRpc\consumer-demo\target\classes started by Admin in F:\mygit\eRpc\consumer-demo)
2019-08-02 10:42:11.222 [main] INFO  o.ethan.eRpc.comsumerdemo.ComsumerDemoApplication - No active profile set, falling back to default profiles: default
2019-08-02 10:42:12.481 [main] INFO  o.s.boot.web.embedded.tomcat.TomcatWebServer - Tomcat initialized with port(s): 8080 (http)
2019-08-02 10:42:12.495 [main] INFO  org.apache.coyote.http11.Http11NioProtocol - Initializing ProtocolHandler ["http-nio-8080"]
2019-08-02 10:42:12.503 [main] INFO  org.apache.catalina.core.StandardService - Starting service [Tomcat]
2019-08-02 10:42:12.503 [main] INFO  org.apache.catalina.core.StandardEngine - Starting Servlet engine: [Apache Tomcat/9.0.21]
2019-08-02 10:42:12.594 [main] INFO  o.a.c.core.ContainerBase.[Tomcat].[localhost].[/] - Initializing Spring embedded WebApplicationContext
2019-08-02 10:42:12.594 [main] INFO  org.springframework.web.context.ContextLoader - Root WebApplicationContext: initialization completed in 1329 ms
2019-08-02 10:42:17.789 [main] INFO  o.s.scheduling.concurrent.ThreadPoolTaskExecutor - Initializing ExecutorService 'applicationTaskExecutor'
2019-08-02 10:42:17.930 [main] INFO  org.apache.coyote.http11.Http11NioProtocol - Starting ProtocolHandler ["http-nio-8080"]
2019-08-02 10:42:17.946 [main] INFO  o.s.boot.web.embedded.tomcat.TomcatWebServer - Tomcat started on port(s): 8080 (http) with context path ''
2019-08-02 10:42:17.949 [main] INFO  o.ethan.eRpc.comsumerdemo.ComsumerDemoApplication - Started ComsumerDemoApplication in 7.131 seconds (JVM running for 7.594)
2019-08-02 10:42:27.894 [http-nio-8080-exec-2] INFO  o.a.c.core.ContainerBase.[Tomcat].[localhost].[/] - Initializing Spring DispatcherServlet 'dispatcherServlet'
2019-08-02 10:42:27.895 [http-nio-8080-exec-2] INFO  org.springframework.web.servlet.DispatcherServlet - Initializing Servlet 'dispatcherServlet'
2019-08-02 10:42:27.900 [http-nio-8080-exec-2] INFO  org.springframework.web.servlet.DispatcherServlet - Completed initialization in 5 ms
2019-08-02 10:42:59.740 [main] INFO  o.ethan.eRpc.comsumerdemo.ComsumerDemoApplication - Starting ComsumerDemoApplication on WIN-T1VJ0PHFT0F with PID 13372 (F:\mygit\eRpc\consumer-demo\target\classes started by Admin in F:\mygit\eRpc\consumer-demo)
2019-08-02 10:42:59.742 [main] INFO  o.ethan.eRpc.comsumerdemo.ComsumerDemoApplication - No active profile set, falling back to default profiles: default
2019-08-02 10:43:00.724 [main] INFO  o.s.boot.web.embedded.tomcat.TomcatWebServer - Tomcat initialized with port(s): 8080 (http)
2019-08-02 10:43:00.734 [main] INFO  org.apache.coyote.http11.Http11NioProtocol - Initializing ProtocolHandler ["http-nio-8080"]
2019-08-02 10:43:00.742 [main] INFO  org.apache.catalina.core.StandardService - Starting service [Tomcat]
2019-08-02 10:43:00.742 [main] INFO  org.apache.catalina.core.StandardEngine - Starting Servlet engine: [Apache Tomcat/9.0.21]
2019-08-02 10:43:00.821 [main] INFO  o.a.c.core.ContainerBase.[Tomcat].[localhost].[/] - Initializing Spring embedded WebApplicationContext
2019-08-02 10:43:00.821 [main] INFO  org.springframework.web.context.ContextLoader - Root WebApplicationContext: initialization completed in 1056 ms
2019-08-02 10:43:05.863 [main] INFO  o.s.scheduling.concurrent.ThreadPoolTaskExecutor - Initializing ExecutorService 'applicationTaskExecutor'
2019-08-02 10:43:05.970 [main] INFO  org.apache.coyote.http11.Http11NioProtocol - Starting ProtocolHandler ["http-nio-8080"]
2019-08-02 10:43:05.983 [main] INFO  o.s.boot.web.embedded.tomcat.TomcatWebServer - Tomcat started on port(s): 8080 (http) with context path ''
2019-08-02 10:43:05.985 [main] INFO  o.ethan.eRpc.comsumerdemo.ComsumerDemoApplication - Started ComsumerDemoApplication in 6.523 seconds (JVM running for 6.777)
2019-08-02 10:43:12.716 [http-nio-8080-exec-1] INFO  o.a.c.core.ContainerBase.[Tomcat].[localhost].[/] - Initializing Spring DispatcherServlet 'dispatcherServlet'
2019-08-02 10:43:12.716 [http-nio-8080-exec-1] INFO  org.springframework.web.servlet.DispatcherServlet - Initializing Servlet 'dispatcherServlet'
2019-08-02 10:43:12.720 [http-nio-8080-exec-1] INFO  org.springframework.web.servlet.DispatcherServlet - Completed initialization in 4 ms
2019-08-02 10:44:08.676 [main] INFO  o.ethan.eRpc.comsumerdemo.ComsumerDemoApplication - Starting ComsumerDemoApplication on WIN-T1VJ0PHFT0F with PID 956 (F:\mygit\eRpc\consumer-demo\target\classes started by Admin in F:\mygit\eRpc\consumer-demo)
2019-08-02 10:44:08.679 [main] INFO  o.ethan.eRpc.comsumerdemo.ComsumerDemoApplication - No active profile set, falling back to default profiles: default
2019-08-02 10:44:09.935 [main] INFO  o.s.boot.web.embedded.tomcat.TomcatWebServer - Tomcat initialized with port(s): 8080 (http)
2019-08-02 10:44:09.948 [main] INFO  org.apache.coyote.http11.Http11NioProtocol - Initializing ProtocolHandler ["http-nio-8080"]
2019-08-02 10:44:09.957 [main] INFO  org.apache.catalina.core.StandardService - Starting service [Tomcat]
2019-08-02 10:44:09.957 [main] INFO  org.apache.catalina.core.StandardEngine - Starting Servlet engine: [Apache Tomcat/9.0.21]
2019-08-02 10:44:10.051 [main] INFO  o.a.c.core.ContainerBase.[Tomcat].[localhost].[/] - Initializing Spring embedded WebApplicationContext
2019-08-02 10:44:10.052 [main] INFO  org.springframework.web.context.ContextLoader - Root WebApplicationContext: initialization completed in 1336 ms
2019-08-02 10:44:15.238 [main] INFO  o.s.scheduling.concurrent.ThreadPoolTaskExecutor - Initializing ExecutorService 'applicationTaskExecutor'
2019-08-02 10:44:15.383 [main] INFO  org.apache.coyote.http11.Http11NioProtocol - Starting ProtocolHandler ["http-nio-8080"]
2019-08-02 10:44:15.400 [main] INFO  o.s.boot.web.embedded.tomcat.TomcatWebServer - Tomcat started on port(s): 8080 (http) with context path ''
2019-08-02 10:44:15.403 [main] INFO  o.ethan.eRpc.comsumerdemo.ComsumerDemoApplication - Started ComsumerDemoApplication in 7.119 seconds (JVM running for 7.577)
2019-08-02 10:44:16.872 [http-nio-8080-exec-1] INFO  o.a.c.core.ContainerBase.[Tomcat].[localhost].[/] - Initializing Spring DispatcherServlet 'dispatcherServlet'
2019-08-02 10:44:16.873 [http-nio-8080-exec-1] INFO  org.springframework.web.servlet.DispatcherServlet - Initializing Servlet 'dispatcherServlet'
2019-08-02 10:44:16.882 [http-nio-8080-exec-1] INFO  org.springframework.web.servlet.DispatcherServlet - Completed initialization in 9 ms
2019-08-02 10:50:29.038 [main] INFO  o.ethan.eRpc.providerdemo.ProviderDemoApplication - Starting ProviderDemoApplication on WIN-T1VJ0PHFT0F with PID 20496 (F:\mygit\eRpc\provider-demo\target\classes started by Admin in F:\mygit\eRpc\provider-demo)
2019-08-02 10:50:29.040 [main] INFO  o.ethan.eRpc.providerdemo.ProviderDemoApplication - No active profile set, falling back to default profiles: default
2019-08-02 10:50:30.105 [main] INFO  o.s.boot.web.embedded.tomcat.TomcatWebServer - Tomcat initialized with port(s): 9090 (http)
2019-08-02 10:50:30.117 [main] INFO  org.apache.coyote.http11.Http11NioProtocol - Initializing ProtocolHandler ["http-nio-9090"]
2019-08-02 10:50:30.124 [main] INFO  org.apache.catalina.core.StandardService - Starting service [Tomcat]
2019-08-02 10:50:30.124 [main] INFO  org.apache.catalina.core.StandardEngine - Starting Servlet engine: [Apache Tomcat/9.0.21]
2019-08-02 10:50:30.194 [main] INFO  o.a.c.core.ContainerBase.[Tomcat].[localhost].[/] - Initializing Spring embedded WebApplicationContext
2019-08-02 10:50:30.194 [main] INFO  org.springframework.web.context.ContextLoader - Root WebApplicationContext: initialization completed in 1128 ms
2019-08-02 10:50:30.250 [main] INFO  org.ethan.eRpc.core.exporter.ServiceExporter - Export service [rpcTest1---org.ethan.eRpc.providerdemo.controller.TestController.test1] to local
2019-08-02 10:50:30.250 [main] INFO  org.ethan.eRpc.core.exporter.ServiceExporter - Export service [rpcTest1---org.ethan.eRpc.providerdemo.controller.TestController.test1] to zookeeper
2019-08-02 10:50:30.250 [main] INFO  org.ethan.eRpc.core.exporter.ServiceExporter - Export service [rpcTest2---org.ethan.eRpc.providerdemo.controller.TestController.test1] to local
2019-08-02 10:50:30.250 [main] INFO  org.ethan.eRpc.core.exporter.ServiceExporter - Export service [rpcTest2---org.ethan.eRpc.providerdemo.controller.TestController.test1] to zookeeper
2019-08-02 10:50:37.476 [main] INFO  o.ethan.eRpc.comsumerdemo.ComsumerDemoApplication - Starting ComsumerDemoApplication on WIN-T1VJ0PHFT0F with PID 10736 (F:\mygit\eRpc\consumer-demo\target\classes started by Admin in F:\mygit\eRpc\consumer-demo)
2019-08-02 10:50:37.477 [main] INFO  o.ethan.eRpc.comsumerdemo.ComsumerDemoApplication - No active profile set, falling back to default profiles: default
2019-08-02 10:50:38.456 [main] INFO  o.s.boot.web.embedded.tomcat.TomcatWebServer - Tomcat initialized with port(s): 8080 (http)
2019-08-02 10:50:38.466 [main] INFO  org.apache.coyote.http11.Http11NioProtocol - Initializing ProtocolHandler ["http-nio-8080"]
2019-08-02 10:50:38.474 [main] INFO  org.apache.catalina.core.StandardService - Starting service [Tomcat]
2019-08-02 10:50:38.474 [main] INFO  org.apache.catalina.core.StandardEngine - Starting Servlet engine: [Apache Tomcat/9.0.21]
2019-08-02 10:50:38.545 [main] INFO  o.a.c.core.ContainerBase.[Tomcat].[localhost].[/] - Initializing Spring embedded WebApplicationContext
2019-08-02 10:50:38.545 [main] INFO  org.springframework.web.context.ContextLoader - Root WebApplicationContext: initialization completed in 1044 ms
2019-08-02 10:50:49.219 [main] INFO  o.ethan.eRpc.providerdemo.ProviderDemoApplication - Starting ProviderDemoApplication on WIN-T1VJ0PHFT0F with PID 19156 (F:\mygit\eRpc\provider-demo\target\classes started by Admin in F:\mygit\eRpc\provider-demo)
2019-08-02 10:50:49.222 [main] INFO  o.ethan.eRpc.providerdemo.ProviderDemoApplication - No active profile set, falling back to default profiles: default
2019-08-02 10:50:50.466 [main] INFO  o.s.boot.web.embedded.tomcat.TomcatWebServer - Tomcat initialized with port(s): 9090 (http)
2019-08-02 10:50:50.481 [main] INFO  org.apache.coyote.http11.Http11NioProtocol - Initializing ProtocolHandler ["http-nio-9090"]
2019-08-02 10:50:50.488 [main] INFO  org.apache.catalina.core.StandardService - Starting service [Tomcat]
2019-08-02 10:50:50.488 [main] INFO  org.apache.catalina.core.StandardEngine - Starting Servlet engine: [Apache Tomcat/9.0.21]
2019-08-02 10:50:50.579 [main] INFO  o.a.c.core.ContainerBase.[Tomcat].[localhost].[/] - Initializing Spring embedded WebApplicationContext
2019-08-02 10:50:50.579 [main] INFO  org.springframework.web.context.ContextLoader - Root WebApplicationContext: initialization completed in 1317 ms
2019-08-02 10:50:50.649 [main] INFO  org.ethan.eRpc.core.exporter.ServiceExporter - Export service [rpcTest1---org.ethan.eRpc.providerdemo.controller.TestController.test1] to local
2019-08-02 10:50:50.649 [main] INFO  org.ethan.eRpc.core.exporter.ServiceExporter - Export service [rpcTest1---org.ethan.eRpc.providerdemo.controller.TestController.test1] to zookeeper
2019-08-02 10:50:50.649 [main] INFO  org.ethan.eRpc.core.exporter.ServiceExporter - Export service [rpcTest2---org.ethan.eRpc.providerdemo.controller.TestController.test1] to local
2019-08-02 10:50:50.649 [main] INFO  org.ethan.eRpc.core.exporter.ServiceExporter - Export service [rpcTest2---org.ethan.eRpc.providerdemo.controller.TestController.test1] to zookeeper
2019-08-02 10:50:57.200 [main] INFO  o.ethan.eRpc.comsumerdemo.ComsumerDemoApplication - Starting ComsumerDemoApplication on WIN-T1VJ0PHFT0F with PID 6908 (F:\mygit\eRpc\consumer-demo\target\classes started by Admin in F:\mygit\eRpc\consumer-demo)
2019-08-02 10:50:57.203 [main] INFO  o.ethan.eRpc.comsumerdemo.ComsumerDemoApplication - No active profile set, falling back to default profiles: default
2019-08-02 10:50:58.439 [main] INFO  o.s.boot.web.embedded.tomcat.TomcatWebServer - Tomcat initialized with port(s): 8080 (http)
2019-08-02 10:50:58.453 [main] INFO  org.apache.coyote.http11.Http11NioProtocol - Initializing ProtocolHandler ["http-nio-8080"]
2019-08-02 10:50:58.461 [main] INFO  org.apache.catalina.core.StandardService - Starting service [Tomcat]
2019-08-02 10:50:58.461 [main] INFO  org.apache.catalina.core.StandardEngine - Starting Servlet engine: [Apache Tomcat/9.0.21]
2019-08-02 10:50:58.559 [main] INFO  o.a.c.core.ContainerBase.[Tomcat].[localhost].[/] - Initializing Spring embedded WebApplicationContext
2019-08-02 10:50:58.559 [main] INFO  org.springframework.web.context.ContextLoader - Root WebApplicationContext: initialization completed in 1316 ms
2019-08-02 10:52:19.694 [main] INFO  o.ethan.eRpc.comsumerdemo.ComsumerDemoApplication - Starting ComsumerDemoApplication on WIN-T1VJ0PHFT0F with PID 15512 (F:\mygit\eRpc\consumer-demo\target\classes started by Admin in F:\mygit\eRpc\consumer-demo)
2019-08-02 10:52:19.696 [main] INFO  o.ethan.eRpc.comsumerdemo.ComsumerDemoApplication - No active profile set, falling back to default profiles: default
2019-08-02 10:52:20.675 [main] INFO  o.s.boot.web.embedded.tomcat.TomcatWebServer - Tomcat initialized with port(s): 8080 (http)
2019-08-02 10:52:20.685 [main] INFO  org.apache.coyote.http11.Http11NioProtocol - Initializing ProtocolHandler ["http-nio-8080"]
2019-08-02 10:52:20.693 [main] INFO  org.apache.catalina.core.StandardService - Starting service [Tomcat]
2019-08-02 10:52:20.693 [main] INFO  org.apache.catalina.core.StandardEngine - Starting Servlet engine: [Apache Tomcat/9.0.21]
2019-08-02 10:52:20.762 [main] INFO  o.a.c.core.ContainerBase.[Tomcat].[localhost].[/] - Initializing Spring embedded WebApplicationContext
2019-08-02 10:52:20.762 [main] INFO  org.springframework.web.context.ContextLoader - Root WebApplicationContext: initialization completed in 1044 ms
2019-08-02 10:55:08.053 [main] INFO  o.ethan.eRpc.comsumerdemo.ComsumerDemoApplication - Starting ComsumerDemoApplication on WIN-T1VJ0PHFT0F with PID 16084 (F:\mygit\eRpc\consumer-demo\target\classes started by Admin in F:\mygit\eRpc\consumer-demo)
2019-08-02 10:55:08.055 [main] INFO  o.ethan.eRpc.comsumerdemo.ComsumerDemoApplication - No active profile set, falling back to default profiles: default
2019-08-02 10:55:09.051 [main] INFO  o.s.boot.web.embedded.tomcat.TomcatWebServer - Tomcat initialized with port(s): 8080 (http)
2019-08-02 10:55:09.061 [main] INFO  org.apache.coyote.http11.Http11NioProtocol - Initializing ProtocolHandler ["http-nio-8080"]
2019-08-02 10:55:09.069 [main] INFO  org.apache.catalina.core.StandardService - Starting service [Tomcat]
2019-08-02 10:55:09.069 [main] INFO  org.apache.catalina.core.StandardEngine - Starting Servlet engine: [Apache Tomcat/9.0.21]
2019-08-02 10:55:09.143 [main] INFO  o.a.c.core.ContainerBase.[Tomcat].[localhost].[/] - Initializing Spring embedded WebApplicationContext
2019-08-02 10:55:09.143 [main] INFO  org.springframework.web.context.ContextLoader - Root WebApplicationContext: initialization completed in 1066 ms
2019-08-02 10:55:24.853 [main] INFO  o.ethan.eRpc.providerdemo.ProviderDemoApplication - Starting ProviderDemoApplication on WIN-T1VJ0PHFT0F with PID 3476 (F:\mygit\eRpc\provider-demo\target\classes started by Admin in F:\mygit\eRpc\provider-demo)
2019-08-02 10:55:24.855 [main] INFO  o.ethan.eRpc.providerdemo.ProviderDemoApplication - No active profile set, falling back to default profiles: default
2019-08-02 10:55:25.827 [main] INFO  o.s.boot.web.embedded.tomcat.TomcatWebServer - Tomcat initialized with port(s): 9090 (http)
2019-08-02 10:55:25.837 [main] INFO  org.apache.coyote.http11.Http11NioProtocol - Initializing ProtocolHandler ["http-nio-9090"]
2019-08-02 10:55:25.844 [main] INFO  org.apache.catalina.core.StandardService - Starting service [Tomcat]
2019-08-02 10:55:25.844 [main] INFO  org.apache.catalina.core.StandardEngine - Starting Servlet engine: [Apache Tomcat/9.0.21]
2019-08-02 10:55:25.916 [main] INFO  o.a.c.core.ContainerBase.[Tomcat].[localhost].[/] - Initializing Spring embedded WebApplicationContext
2019-08-02 10:55:25.916 [main] INFO  org.springframework.web.context.ContextLoader - Root WebApplicationContext: initialization completed in 1036 ms
2019-08-02 10:55:25.968 [main] INFO  org.ethan.eRpc.core.exporter.ServiceExporter - Export service [rpcTest1---org.ethan.eRpc.providerdemo.controller.TestController.test1] to local
2019-08-02 10:55:25.969 [main] INFO  org.ethan.eRpc.core.exporter.ServiceExporter - Export service [rpcTest1---org.ethan.eRpc.providerdemo.controller.TestController.test1] to zookeeper
2019-08-02 10:55:25.969 [main] INFO  org.ethan.eRpc.core.exporter.ServiceExporter - Export service [rpcTest2---org.ethan.eRpc.providerdemo.controller.TestController.test1] to local
2019-08-02 10:55:25.969 [main] INFO  org.ethan.eRpc.core.exporter.ServiceExporter - Export service [rpcTest2---org.ethan.eRpc.providerdemo.controller.TestController.test1] to zookeeper
2019-08-02 12:41:26.071 [main] INFO  o.ethan.eRpc.providerdemo.ProviderDemoApplication - Starting ProviderDemoApplication on WIN-T1VJ0PHFT0F with PID 6576 (F:\mygit\eRpc\provider-demo\target\classes started by Admin in F:\mygit\eRpc\provider-demo)
2019-08-02 12:41:26.073 [main] INFO  o.ethan.eRpc.providerdemo.ProviderDemoApplication - No active profile set, falling back to default profiles: default
2019-08-02 12:41:27.070 [main] INFO  o.s.boot.web.embedded.tomcat.TomcatWebServer - Tomcat initialized with port(s): 9090 (http)
2019-08-02 12:41:27.080 [main] INFO  org.apache.coyote.http11.Http11NioProtocol - Initializing ProtocolHandler ["http-nio-9090"]
2019-08-02 12:41:27.088 [main] INFO  org.apache.catalina.core.StandardService - Starting service [Tomcat]
2019-08-02 12:41:27.088 [main] INFO  org.apache.catalina.core.StandardEngine - Starting Servlet engine: [Apache Tomcat/9.0.21]
2019-08-02 12:41:27.161 [main] INFO  o.a.c.core.ContainerBase.[Tomcat].[localhost].[/] - Initializing Spring embedded WebApplicationContext
2019-08-02 12:41:27.161 [main] INFO  org.springframework.web.context.ContextLoader - Root WebApplicationContext: initialization completed in 1063 ms
2019-08-02 12:41:27.206 [main] INFO  org.apache.catalina.core.StandardService - Stopping service [Tomcat]
2019-08-02 12:41:27.212 [main] INFO  o.s.b.a.l.ConditionEvaluationReportLoggingListener - 

Error starting ApplicationContext. To display the conditions report re-run your application with 'debug' enabled.
2019-08-02 12:42:44.033 [main] INFO  o.ethan.eRpc.providerdemo.ProviderDemoApplication - Starting ProviderDemoApplication on WIN-T1VJ0PHFT0F with PID 2508 (F:\mygit\eRpc\provider-demo\target\classes started by Admin in F:\mygit\eRpc\provider-demo)
2019-08-02 12:42:44.035 [main] INFO  o.ethan.eRpc.providerdemo.ProviderDemoApplication - No active profile set, falling back to default profiles: default
2019-08-02 12:42:45.020 [main] INFO  o.s.boot.web.embedded.tomcat.TomcatWebServer - Tomcat initialized with port(s): 9090 (http)
2019-08-02 12:42:45.030 [main] INFO  org.apache.coyote.http11.Http11NioProtocol - Initializing ProtocolHandler ["http-nio-9090"]
2019-08-02 12:42:45.038 [main] INFO  org.apache.catalina.core.StandardService - Starting service [Tomcat]
2019-08-02 12:42:45.038 [main] INFO  org.apache.catalina.core.StandardEngine - Starting Servlet engine: [Apache Tomcat/9.0.21]
2019-08-02 12:42:45.114 [main] INFO  o.a.c.core.ContainerBase.[Tomcat].[localhost].[/] - Initializing Spring embedded WebApplicationContext
2019-08-02 12:42:45.114 [main] INFO  org.springframework.web.context.ContextLoader - Root WebApplicationContext: initialization completed in 1053 ms
2019-08-02 12:42:45.172 [main] INFO  org.ethan.eRpc.core.exporter.ServiceExporter - Export service [rpcTest1---org.ethan.eRpc.providerdemo.controller.TestController.test1] to local
2019-08-02 12:42:45.173 [main] INFO  org.ethan.eRpc.core.exporter.ServiceExporter - Export service [rpcTest1---org.ethan.eRpc.providerdemo.controller.TestController.test1] to zookeeper
2019-08-02 12:42:45.173 [main] INFO  org.ethan.eRpc.core.exporter.ServiceExporter - Export service [rpcTest2---org.ethan.eRpc.providerdemo.controller.TestController.test1] to local
2019-08-02 12:42:45.173 [main] INFO  org.ethan.eRpc.core.exporter.ServiceExporter - Export service [rpcTest2---org.ethan.eRpc.providerdemo.controller.TestController.test1] to zookeeper
2019-08-02 12:42:50.154 [main] INFO  o.s.scheduling.concurrent.ThreadPoolTaskExecutor - Initializing ExecutorService 'applicationTaskExecutor'
2019-08-02 12:42:50.194 [main] INFO  o.s.scheduling.concurrent.ThreadPoolTaskExecutor - Shutting down ExecutorService 'applicationTaskExecutor'
2019-08-02 12:42:50.194 [main] INFO  o.s.beans.factory.support.DisposableBeanAdapter - Invocation of destroy method failed on bean with name 'ERpcRequestRouter': java.lang.NullPointerException
2019-08-02 12:42:50.196 [main] INFO  org.apache.catalina.core.StandardService - Stopping service [Tomcat]
2019-08-02 12:42:50.203 [main] INFO  o.s.b.a.l.ConditionEvaluationReportLoggingListener - 

Error starting ApplicationContext. To display the conditions report re-run your application with 'debug' enabled.
2019-08-02 12:44:04.901 [main] INFO  o.ethan.eRpc.providerdemo.ProviderDemoApplication - Starting ProviderDemoApplication on WIN-T1VJ0PHFT0F with PID 18124 (F:\mygit\eRpc\provider-demo\target\classes started by Admin in F:\mygit\eRpc\provider-demo)
2019-08-02 12:44:04.903 [main] INFO  o.ethan.eRpc.providerdemo.ProviderDemoApplication - No active profile set, falling back to default profiles: default
2019-08-02 12:44:05.866 [main] INFO  o.s.boot.web.embedded.tomcat.TomcatWebServer - Tomcat initialized with port(s): 9090 (http)
2019-08-02 12:44:05.880 [main] INFO  org.apache.coyote.http11.Http11NioProtocol - Initializing ProtocolHandler ["http-nio-9090"]
2019-08-02 12:44:05.887 [main] INFO  org.apache.catalina.core.StandardService - Starting service [Tomcat]
2019-08-02 12:44:05.887 [main] INFO  org.apache.catalina.core.StandardEngine - Starting Servlet engine: [Apache Tomcat/9.0.21]
2019-08-02 12:44:05.957 [main] INFO  o.a.c.core.ContainerBase.[Tomcat].[localhost].[/] - Initializing Spring embedded WebApplicationContext
2019-08-02 12:44:05.957 [main] INFO  org.springframework.web.context.ContextLoader - Root WebApplicationContext: initialization completed in 1032 ms
2019-08-02 12:44:06.019 [main] INFO  org.ethan.eRpc.core.exporter.ServiceExporter - Export service [rpcTest1---org.ethan.eRpc.providerdemo.controller.TestController.test1] to local
2019-08-02 12:44:06.019 [main] INFO  org.ethan.eRpc.core.exporter.ServiceExporter - Export service [rpcTest1---org.ethan.eRpc.providerdemo.controller.TestController.test1] to zookeeper
2019-08-02 12:44:06.019 [main] INFO  org.ethan.eRpc.core.exporter.ServiceExporter - Export service [rpcTest2---org.ethan.eRpc.providerdemo.controller.TestController.test1] to local
2019-08-02 12:44:06.019 [main] INFO  org.ethan.eRpc.core.exporter.ServiceExporter - Export service [rpcTest2---org.ethan.eRpc.providerdemo.controller.TestController.test1] to zookeeper
2019-08-02 12:44:11.005 [main] INFO  o.s.scheduling.concurrent.ThreadPoolTaskExecutor - Initializing ExecutorService 'applicationTaskExecutor'
2019-08-02 12:44:11.045 [main] INFO  o.s.scheduling.concurrent.ThreadPoolTaskExecutor - Shutting down ExecutorService 'applicationTaskExecutor'
2019-08-02 12:44:11.046 [main] INFO  o.s.beans.factory.support.DisposableBeanAdapter - Invocation of destroy method failed on bean with name 'ERpcRequestRouter': java.lang.NullPointerException
2019-08-02 12:44:11.048 [main] INFO  org.apache.catalina.core.StandardService - Stopping service [Tomcat]
2019-08-02 12:44:11.054 [main] INFO  o.s.b.a.l.ConditionEvaluationReportLoggingListener - 

Error starting ApplicationContext. To display the conditions report re-run your application with 'debug' enabled.
2019-08-02 12:49:20.902 [main] INFO  o.ethan.eRpc.providerdemo.ProviderDemoApplication - Starting ProviderDemoApplication on WIN-T1VJ0PHFT0F with PID 19092 (F:\mygit\eRpc\provider-demo\target\classes started by Admin in F:\mygit\eRpc\provider-demo)
2019-08-02 12:49:20.903 [main] INFO  o.ethan.eRpc.providerdemo.ProviderDemoApplication - No active profile set, falling back to default profiles: default
2019-08-02 12:49:21.882 [main] INFO  o.s.boot.web.embedded.tomcat.TomcatWebServer - Tomcat initialized with port(s): 9090 (http)
2019-08-02 12:49:21.893 [main] INFO  org.apache.coyote.http11.Http11NioProtocol - Initializing ProtocolHandler ["http-nio-9090"]
2019-08-02 12:49:21.902 [main] INFO  org.apache.catalina.core.StandardService - Starting service [Tomcat]
2019-08-02 12:49:21.902 [main] INFO  org.apache.catalina.core.StandardEngine - Starting Servlet engine: [Apache Tomcat/9.0.21]
2019-08-02 12:49:21.983 [main] INFO  o.a.c.core.ContainerBase.[Tomcat].[localhost].[/] - Initializing Spring embedded WebApplicationContext
2019-08-02 12:49:21.983 [main] INFO  org.springframework.web.context.ContextLoader - Root WebApplicationContext: initialization completed in 1056 ms
2019-08-02 12:49:22.047 [main] INFO  org.ethan.eRpc.core.exporter.ServiceExporter - Export service [rpcTest1---org.ethan.eRpc.providerdemo.controller.TestController.test1] to local
2019-08-02 12:49:22.047 [main] INFO  org.ethan.eRpc.core.exporter.ServiceExporter - Export service [rpcTest1---org.ethan.eRpc.providerdemo.controller.TestController.test1] to zookeeper
2019-08-02 12:49:22.047 [main] INFO  org.ethan.eRpc.core.exporter.ServiceExporter - Export service [rpcTest2---org.ethan.eRpc.providerdemo.controller.TestController.test1] to local
2019-08-02 12:49:22.047 [main] INFO  org.ethan.eRpc.core.exporter.ServiceExporter - Export service [rpcTest2---org.ethan.eRpc.providerdemo.controller.TestController.test1] to zookeeper
2019-08-02 12:49:27.020 [main] INFO  o.s.scheduling.concurrent.ThreadPoolTaskExecutor - Initializing ExecutorService 'applicationTaskExecutor'
2019-08-02 12:49:27.060 [main] INFO  o.s.scheduling.concurrent.ThreadPoolTaskExecutor - Shutting down ExecutorService 'applicationTaskExecutor'
2019-08-02 12:49:27.061 [main] INFO  o.s.beans.factory.support.DisposableBeanAdapter - Invocation of destroy method failed on bean with name 'ERpcRequestRouter': java.lang.NullPointerException
2019-08-02 12:49:27.063 [main] INFO  org.apache.catalina.core.StandardService - Stopping service [Tomcat]
2019-08-02 12:49:27.070 [main] INFO  o.s.b.a.l.ConditionEvaluationReportLoggingListener - 

Error starting ApplicationContext. To display the conditions report re-run your application with 'debug' enabled.
