2019-08-07 17:51:54.733 [main] WARN  o.s.b.w.s.c.AnnotationConfigServletWebServerApplicationContext - Exception encountered during context initialization - cancelling refresh attempt: org.springframework.beans.factory.BeanCreationException: Error creating bean with name 'serviceExporter' defined in file [F:\mygit\eRpc\eRpc-core\target\classes\org\ethan\eRpc\core\route\ServiceExporter.class]: Invocation of init method failed; nested exception is java.lang.IllegalArgumentException: Invalid path string "//127.0.0.1:5555" caused by empty node name specified @1
2019-08-07 17:54:03.780 [main] WARN  o.s.b.w.s.c.AnnotationConfigServletWebServerApplicationContext - Exception encountered during context initialization - cancelling refresh attempt: org.springframework.beans.factory.BeanCreationException: Error creating bean with name 'serviceExporter' defined in file [F:\mygit\eRpc\eRpc-core\target\classes\org\ethan\eRpc\core\route\ServiceExporter.class]: Invocation of init method failed; nested exception is java.lang.IllegalArgumentException: Invalid path string "//127.0.0.1:2181" caused by empty node name specified @1
2019-08-07 17:54:30.335 [main] WARN  o.s.b.w.s.c.AnnotationConfigServletWebServerApplicationContext - Exception encountered during context initialization - cancelling refresh attempt: org.springframework.beans.factory.BeanCreationException: Error creating bean with name 'serviceExporter' defined in file [F:\mygit\eRpc\eRpc-core\target\classes\org\ethan\eRpc\core\route\ServiceExporter.class]: Invocation of init method failed; nested exception is java.lang.StackOverflowError
2019-08-07 20:57:47.094 [main] WARN  o.s.b.w.s.c.AnnotationConfigServletWebServerApplicationContext - Exception encountered during context initialization - cancelling refresh attempt: org.springframework.beans.factory.BeanCreationException: Error creating bean with name 'serviceExporter' defined in file [F:\mygit\eRpc\eRpc-core\target\classes\org\ethan\eRpc\core\route\ServiceExporter.class]: Invocation of init method failed; nested exception is org.ethan.eRpc.common.exception.ERpcException: Error occurs when get ZookeeperExporter
2019-08-07 21:00:12.081 [main] WARN  o.s.b.w.s.c.AnnotationConfigServletWebServerApplicationContext - Exception encountered during context initialization - cancelling refresh attempt: org.springframework.beans.factory.BeanCreationException: Error creating bean with name 'serviceExporter' defined in file [F:\mygit\eRpc\eRpc-core\target\classes\org\ethan\eRpc\core\route\ServiceExporter.class]: Invocation of init method failed; nested exception is org.ethan.eRpc.common.exception.ERpcException: Error occurs when get ZookeeperExporter
2019-08-08 15:29:23.079 [main] WARN  o.s.b.w.s.c.AnnotationConfigServletWebServerApplicationContext - Exception encountered during context initialization - cancelling refresh attempt: org.springframework.beans.factory.UnsatisfiedDependencyException: Error creating bean with name 'testController': Unsatisfied dependency expressed through field 'testService'; nested exception is org.springframework.beans.factory.UnsatisfiedDependencyException: Error creating bean with name 'testServiceImpl': Unsatisfied dependency expressed through field 'testSao'; nested exception is org.springframework.beans.factory.UnsatisfiedDependencyException: Error creating bean with name 'testSao': Unsatisfied dependency expressed through field 'invoker'; nested exception is org.springframework.beans.factory.BeanCreationException: Error creating bean with name 'ERpcConsumerInvoker' defined in file [F:\mygit\eRpc\eRpc-consumer\target\classes\org\ethan\eRpc\consumer\invoke\ERpcConsumerInvoker.class]: Invocation of init method failed; nested exception is java.lang.IllegalArgumentException: Invalid path string "//127.0.0.1:5555" caused by empty node name specified @1
2019-08-08 15:31:19.274 [main-SendThread(127.0.0.1:5555)] WARN  org.apache.zookeeper.ClientCnxn - Session 0x0 for server null, unexpected error, closing socket connection and attempting reconnect
java.net.ConnectException: Connection refused: no further information
	at sun.nio.ch.SocketChannelImpl.checkConnect(Native Method)
	at sun.nio.ch.SocketChannelImpl.finishConnect(SocketChannelImpl.java:717)
	at org.apache.zookeeper.ClientCnxnSocketNIO.doTransport(ClientCnxnSocketNIO.java:361)
	at org.apache.zookeeper.ClientCnxn$SendThread.run(ClientCnxn.java:1081)
2019-08-08 15:31:21.379 [main-SendThread(127.0.0.1:5555)] WARN  org.apache.zookeeper.ClientCnxn - Session 0x0 for server null, unexpected error, closing socket connection and attempting reconnect
java.net.ConnectException: Connection refused: no further information
	at sun.nio.ch.SocketChannelImpl.checkConnect(Native Method)
	at sun.nio.ch.SocketChannelImpl.finishConnect(SocketChannelImpl.java:717)
	at org.apache.zookeeper.ClientCnxnSocketNIO.doTransport(ClientCnxnSocketNIO.java:361)
	at org.apache.zookeeper.ClientCnxn$SendThread.run(ClientCnxn.java:1081)
2019-08-08 15:31:23.480 [main-SendThread(127.0.0.1:5555)] WARN  org.apache.zookeeper.ClientCnxn - Session 0x0 for server null, unexpected error, closing socket connection and attempting reconnect
java.net.ConnectException: Connection refused: no further information
	at sun.nio.ch.SocketChannelImpl.checkConnect(Native Method)
	at sun.nio.ch.SocketChannelImpl.finishConnect(SocketChannelImpl.java:717)
	at org.apache.zookeeper.ClientCnxnSocketNIO.doTransport(ClientCnxnSocketNIO.java:361)
	at org.apache.zookeeper.ClientCnxn$SendThread.run(ClientCnxn.java:1081)
2019-08-08 15:31:25.584 [main-SendThread(127.0.0.1:5555)] WARN  org.apache.zookeeper.ClientCnxn - Session 0x0 for server null, unexpected error, closing socket connection and attempting reconnect
java.net.ConnectException: Connection refused: no further information
	at sun.nio.ch.SocketChannelImpl.checkConnect(Native Method)
	at sun.nio.ch.SocketChannelImpl.finishConnect(SocketChannelImpl.java:717)
	at org.apache.zookeeper.ClientCnxnSocketNIO.doTransport(ClientCnxnSocketNIO.java:361)
	at org.apache.zookeeper.ClientCnxn$SendThread.run(ClientCnxn.java:1081)
2019-08-08 15:31:27.688 [main-SendThread(127.0.0.1:5555)] WARN  org.apache.zookeeper.ClientCnxn - Session 0x0 for server null, unexpected error, closing socket connection and attempting reconnect
java.net.ConnectException: Connection refused: no further information
	at sun.nio.ch.SocketChannelImpl.checkConnect(Native Method)
	at sun.nio.ch.SocketChannelImpl.finishConnect(SocketChannelImpl.java:717)
	at org.apache.zookeeper.ClientCnxnSocketNIO.doTransport(ClientCnxnSocketNIO.java:361)
	at org.apache.zookeeper.ClientCnxn$SendThread.run(ClientCnxn.java:1081)
2019-08-08 15:31:29.792 [main-SendThread(127.0.0.1:5555)] WARN  org.apache.zookeeper.ClientCnxn - Session 0x0 for server null, unexpected error, closing socket connection and attempting reconnect
java.net.ConnectException: Connection refused: no further information
	at sun.nio.ch.SocketChannelImpl.checkConnect(Native Method)
	at sun.nio.ch.SocketChannelImpl.finishConnect(SocketChannelImpl.java:717)
	at org.apache.zookeeper.ClientCnxnSocketNIO.doTransport(ClientCnxnSocketNIO.java:361)
	at org.apache.zookeeper.ClientCnxn$SendThread.run(ClientCnxn.java:1081)
2019-08-08 15:31:31.896 [main-SendThread(127.0.0.1:5555)] WARN  org.apache.zookeeper.ClientCnxn - Session 0x0 for server null, unexpected error, closing socket connection and attempting reconnect
java.net.ConnectException: Connection refused: no further information
	at sun.nio.ch.SocketChannelImpl.checkConnect(Native Method)
	at sun.nio.ch.SocketChannelImpl.finishConnect(SocketChannelImpl.java:717)
	at org.apache.zookeeper.ClientCnxnSocketNIO.doTransport(ClientCnxnSocketNIO.java:361)
	at org.apache.zookeeper.ClientCnxn$SendThread.run(ClientCnxn.java:1081)
2019-08-08 15:32:30.662 [main] WARN  o.s.b.w.s.c.AnnotationConfigServletWebServerApplicationContext - Exception encountered during context initialization - cancelling refresh attempt: org.springframework.beans.factory.UnsatisfiedDependencyException: Error creating bean with name 'providerCacheZkImpl' defined in file [F:\mygit\eRpc\eRpc-consumer\target\classes\org\ethan\eRpc\consumer\cache\ProviderCacheZkImpl.class]: Unsatisfied dependency expressed through constructor parameter 0; nested exception is org.springframework.beans.factory.NoSuchBeanDefinitionException: No qualifying bean of type 'java.lang.String' available: expected at least 1 bean which qualifies as autowire candidate. Dependency annotations: {}
2019-08-08 15:33:16.645 [main] WARN  o.s.b.w.s.c.AnnotationConfigServletWebServerApplicationContext - Exception encountered during context initialization - cancelling refresh attempt: org.springframework.beans.factory.UnsatisfiedDependencyException: Error creating bean with name 'providerCacheZkImpl' defined in file [F:\mygit\eRpc\eRpc-consumer\target\classes\org\ethan\eRpc\consumer\cache\ProviderCacheZkImpl.class]: Unsatisfied dependency expressed through constructor parameter 0; nested exception is org.springframework.beans.factory.NoSuchBeanDefinitionException: No qualifying bean of type 'java.lang.String' available: expected at least 1 bean which qualifies as autowire candidate. Dependency annotations: {}
2019-08-08 15:34:15.817 [main] WARN  o.s.b.w.s.c.AnnotationConfigServletWebServerApplicationContext - Exception encountered during context initialization - cancelling refresh attempt: org.springframework.beans.factory.UnsatisfiedDependencyException: Error creating bean with name 'providerCacheZkImpl' defined in file [F:\mygit\eRpc\eRpc-consumer\target\classes\org\ethan\eRpc\consumer\cache\ProviderCacheZkImpl.class]: Unsatisfied dependency expressed through constructor parameter 0; nested exception is org.springframework.beans.factory.NoSuchBeanDefinitionException: No qualifying bean of type 'java.lang.String' available: expected at least 1 bean which qualifies as autowire candidate. Dependency annotations: {}
