2019-07-31 20:54:25.529 [main] INFO  o.ethan.eRpc.providerdemo.ProviderDemoApplication - Starting ProviderDemoApplication on WIN-T1VJ0PHFT0F with PID 5896 (F:\mygit\eRpc\provider-demo\target\classes started by Admin in F:\mygit\eRpc\provider-demo)
2019-07-31 20:54:25.531 [main] INFO  o.ethan.eRpc.providerdemo.ProviderDemoApplication - No active profile set, falling back to default profiles: default
2019-07-31 20:54:26.490 [main] INFO  o.s.boot.web.embedded.tomcat.TomcatWebServer - Tomcat initialized with port(s): 8080 (http)
2019-07-31 20:54:26.500 [main] INFO  org.apache.coyote.http11.Http11NioProtocol - Initializing ProtocolHandler ["http-nio-8080"]
2019-07-31 20:54:26.508 [main] INFO  org.apache.catalina.core.StandardService - Starting service [Tomcat]
2019-07-31 20:54:26.509 [main] INFO  org.apache.catalina.core.StandardEngine - Starting Servlet engine: [Apache Tomcat/9.0.21]
2019-07-31 20:54:26.579 [main] INFO  o.a.c.core.ContainerBase.[Tomcat].[localhost].[/] - Initializing Spring embedded WebApplicationContext
2019-07-31 20:54:26.579 [main] INFO  org.springframework.web.context.ContextLoader - Root WebApplicationContext: initialization completed in 1025 ms
2019-07-31 20:54:26.630 [main] INFO  org.ethan.eRpc.core.exporter.ServiceExporter - Export service [rpcTest1---org.ethan.eRpc.providerdemo.TestController.test1] to local
2019-07-31 20:54:26.687 [main] INFO  org.ethan.eRpc.core.exporter.ServiceExporter - Export service [{"className":"org.ethan.eRpc.providerdemo.TestController","consumers":[],"name":"rpcTest1","params":[{"className":"java.lang.reflect.Parameter","name":"param1"}],"providers":[{"hostName":"WIN-T1VJ0PHFT0F","ip":"192.168.200.1","port":0}],"serviceMethod":{"accessible":false,"annotatedExceptionTypes":[],"annotatedParameterTypes":[{"annotations":[],"declaredAnnotations":[],"type":"java.lang.String"}],"annotatedReceiverType":{"annotations":[],"declaredAnnotations":[],"type":"org.ethan.eRpc.providerdemo.TestController"},"annotatedReturnType":{"annotatedActualTypeArguments":[{"annotations":[],"declaredAnnotations":[],"type":"java.lang.String"},{"annotations":[],"declaredAnnotations":[],"type":"java.lang.Object"}],"annotations":[],"declaredAnnotations":[],"type":{"actualTypeArguments":["java.lang.String","java.lang.Object"],"rawType":"java.util.Map","typeName":"java.util.Map<java.lang.String, java.lang.Object>"}},"annotations":[{"path":[],"headers":[],"method":[],"name":"","produces":[],"params":[],"value":["/test1"],"consumes":[]},{"name":"rpcTest1","verion":"1.0","timeOut":10000}],"bridge":false,"declaringClass":"org.ethan.eRpc.providerdemo.TestController","default":false,"exceptionTypes":[],"genericExceptionTypes":[],"genericParameterTypes":["java.lang.String"],"genericReturnType":{"$ref":"$.serviceMethod.annotatedReturnType.type"},"modifiers":1,"name":"test1","parameterAnnotations":[[]],"parameterCount":1,"parameterTypes":["java.lang.String"],"returnType":"java.util.Map","synthetic":false,"typeParameters":[],"varArgs":false},"timeOut":10000,"version":"1.0"}] to zookeeper
2019-07-31 20:55:12.656 [main] INFO  o.ethan.eRpc.providerdemo.ProviderDemoApplication - Starting ProviderDemoApplication on WIN-T1VJ0PHFT0F with PID 18280 (F:\mygit\eRpc\provider-demo\target\classes started by Admin in F:\mygit\eRpc\provider-demo)
2019-07-31 20:55:12.657 [main] INFO  o.ethan.eRpc.providerdemo.ProviderDemoApplication - No active profile set, falling back to default profiles: default
2019-07-31 20:55:13.616 [main] INFO  o.s.boot.web.embedded.tomcat.TomcatWebServer - Tomcat initialized with port(s): 8080 (http)
2019-07-31 20:55:13.627 [main] INFO  org.apache.coyote.http11.Http11NioProtocol - Initializing ProtocolHandler ["http-nio-8080"]
2019-07-31 20:55:13.634 [main] INFO  org.apache.catalina.core.StandardService - Starting service [Tomcat]
2019-07-31 20:55:13.634 [main] INFO  org.apache.catalina.core.StandardEngine - Starting Servlet engine: [Apache Tomcat/9.0.21]
2019-07-31 20:55:13.705 [main] INFO  o.a.c.core.ContainerBase.[Tomcat].[localhost].[/] - Initializing Spring embedded WebApplicationContext
2019-07-31 20:55:13.705 [main] INFO  org.springframework.web.context.ContextLoader - Root WebApplicationContext: initialization completed in 1019 ms
2019-07-31 20:55:13.757 [main] INFO  org.ethan.eRpc.core.exporter.ServiceExporter - Export service [rpcTest1---org.ethan.eRpc.providerdemo.TestController.test1] to local
2019-07-31 20:55:13.757 [main] INFO  org.ethan.eRpc.core.exporter.ServiceExporter - Export service [rpcTest1---org.ethan.eRpc.providerdemo.TestController.test1] to zookeeper
2019-07-31 20:57:39.405 [main] INFO  o.ethan.eRpc.providerdemo.ProviderDemoApplication - Starting ProviderDemoApplication on WIN-T1VJ0PHFT0F with PID 1784 (F:\mygit\eRpc\provider-demo\target\classes started by Admin in F:\mygit\eRpc\provider-demo)
2019-07-31 20:57:39.407 [main] INFO  o.ethan.eRpc.providerdemo.ProviderDemoApplication - No active profile set, falling back to default profiles: default
2019-07-31 20:57:40.371 [main] INFO  o.s.boot.web.embedded.tomcat.TomcatWebServer - Tomcat initialized with port(s): 8080 (http)
2019-07-31 20:57:40.381 [main] INFO  org.apache.coyote.http11.Http11NioProtocol - Initializing ProtocolHandler ["http-nio-8080"]
2019-07-31 20:57:40.389 [main] INFO  org.apache.catalina.core.StandardService - Starting service [Tomcat]
2019-07-31 20:57:40.389 [main] INFO  org.apache.catalina.core.StandardEngine - Starting Servlet engine: [Apache Tomcat/9.0.21]
2019-07-31 20:57:40.461 [main] INFO  o.a.c.core.ContainerBase.[Tomcat].[localhost].[/] - Initializing Spring embedded WebApplicationContext
2019-07-31 20:57:40.461 [main] INFO  org.springframework.web.context.ContextLoader - Root WebApplicationContext: initialization completed in 1030 ms
2019-07-31 20:57:40.518 [main] INFO  org.ethan.eRpc.core.exporter.ServiceExporter - Export service [rpcTest1---org.ethan.eRpc.providerdemo.TestController.test1] to local
2019-07-31 20:57:40.518 [main] INFO  org.ethan.eRpc.core.exporter.ServiceExporter - Export service [rpcTest1---org.ethan.eRpc.providerdemo.TestController.test1] to zookeeper
